<?xml version="1.0" encoding="UTF-8"?>
<!-- Generated by org.testng.reporters.JUnitReportReporter -->
<testsuite hostname="User" failures="0" tests="5" name="testPkg.LoginTest" time="52.986" errors="0" timestamp="2022-01-10T20:55:10 EST" skipped="0">
  <testcase classname="testPkg.LoginTest" name="positiveLoginFunctionalityTestClickingSubmitBtn" time="10.158"/>
  <system-out/>
  <testcase classname="testPkg.LoginTest" name="positiveLoginFunctionalityTestClickingSubmitBtn" time="12.781"/>
  <system-out/>
  <testcase classname="testPkg.LoginTest" name="positiveLoginFunctionalityTestClickingSubmitBtn" time="8.584"/>
  <system-out/>
  <testcase classname="testPkg.LoginTest" name="positiveLoginFunctionalityTestClickingSubmitBtn" time="11.103"/>
  <system-out/>
  <testcase classname="testPkg.LoginTest" name="positiveLoginFunctionalityTestClickingSubmitBtn" time="10.360"/>
  <system-out/>
</testsuite> <!-- testPkg.LoginTest -->
