<?xml version="1.0" encoding="UTF-8"?>
<!-- Generated by org.testng.reporters.JUnitReportReporter -->
<testsuite hostname="User" failures="0" tests="5" name="testPkg.RegistrationTest" time="57.369" errors="0" timestamp="2022-01-10T20:55:10 EST" skipped="0">
  <testcase classname="testPkg.RegistrationTest" name="positiveRegistrationFunctionality" time="16.890"/>
  <system-out/>
  <testcase classname="testPkg.RegistrationTest" name="positiveRegistrationFunctionality" time="10.048"/>
  <system-out/>
  <testcase classname="testPkg.RegistrationTest" name="positiveRegistrationFunctionality" time="8.546"/>
  <system-out/>
  <testcase classname="testPkg.RegistrationTest" name="positiveRegistrationFunctionality" time="11.833"/>
  <system-out/>
  <testcase classname="testPkg.RegistrationTest" name="positiveRegistrationFunctionality" time="10.052"/>
  <system-out/>
</testsuite> <!-- testPkg.RegistrationTest -->
